[    0.000000] Linux version 4.15.0-212-generic (buildd@lcy02-amd64-083) (gcc version 7.5.0 (Ubuntu 7.5.0-3ubuntu1~18.04)) #223-Ubuntu SMP Tue May 23 13:09:22 UTC 2023 (Ubuntu 4.15.0-212.223-generic 4.15.18)
[    0.000000] Command line: BOOT_IMAGE=/boot/vmlinuz-4.15.0-212-generic root=LABEL=cloudimg-rootfs ro console=tty1 console=ttyS0
[    0.000000] KERNEL supported cpus:
[    0.000000]   Intel GenuineIntel
[    0.000000]   AMD AuthenticAMD
[    0.000000]   Centaur CentaurHauls
[    0.000000] x86/fpu: Supporting XSAVE feature 0x001: 'x87 floating point registers'
[    0.000000] x86/fpu: Supporting XSAVE feature 0x002: 'SSE registers'
[    0.000000] x86/fpu: Supporting XSAVE feature 0x004: 'AVX registers'
[    0.000000] x86/fpu: xstate_offset[2]:  576, xstate_sizes[2]:  256
[    0.000000] x86/fpu: Enabled xstate features 0x7, context size is 832 bytes, using 'standard' format.
[    0.000000] e820: BIOS-provided physical RAM map:
[    0.000000] BIOS-e820: [mem 0x0000000000000000-0x000000000009fbff] usable
[    0.000000] BIOS-e820: [mem 0x000000000009fc00-0x000000000009ffff] reserved
[    0.000000] BIOS-e820: [mem 0x00000000000f0000-0x00000000000fffff] reserved
[    0.000000] BIOS-e820: [mem 0x0000000000100000-0x00000000dffeffff] usable
[    0.000000] BIOS-e820: [mem 0x00000000dfff0000-0x00000000dfffffff] ACPI data
[    0.000000] BIOS-e820: [mem 0x00000000fec00000-0x00000000fec00fff] reserved
[    0.000000] BIOS-e820: [mem 0x00000000fee00000-0x00000000fee00fff] reserved
[    0.000000] BIOS-e820: [mem 0x00000000fffc0000-0x00000000ffffffff] reserved
[    0.000000] BIOS-e820: [mem 0x0000000100000000-0x000000011fffffff] usable
[    0.000000] NX (Execute Disable) protection: active
[    0.000000] SMBIOS 2.5 present.
[    0.000000] DMI: innotek GmbH VirtualBox/VirtualBox, BIOS VirtualBox 12/01/2006
[    0.000000] Hypervisor detected: KVM
[    0.000000] e820: last_pfn = 0x120000 max_arch_pfn = 0x400000000
[    0.000000] MTRR: Disabled
[    0.000000] x86/PAT: MTRRs disabled, skipping PAT initialization too.
[    0.000000] CPU MTRRs all blank - virtualized system.
[    0.000000] x86/PAT: Configuration [0-7]: WB  WT  UC- UC  WB  WT  UC- UC  
[    0.000000] e820: last_pfn = 0xdfff0 max_arch_pfn = 0x400000000
[    0.000000] found SMP MP-table at [mem 0x0009fff0-0x0009ffff]
[    0.000000] Scanning 1 areas for low memory corruption
[    0.000000] RAMDISK: [mem 0x359cb000-0x36cdcfff]
[    0.000000] ACPI: Early table checksum verification disabled
[    0.000000] ACPI: RSDP 0x00000000000E0000 000024 (v02 VBOX  )
[    0.000000] ACPI: XSDT 0x00000000DFFF0030 00003C (v01 VBOX   VBOXXSDT 00000001 ASL  00000061)
[    0.000000] ACPI: FACP 0x00000000DFFF00F0 0000F4 (v04 VBOX   VBOXFACP 00000001 ASL  00000061)
[    0.000000] ACPI: DSDT 0x00000000DFFF0610 002353 (v02 VBOX   VBOXBIOS 00000002 INTL 20230628)
[    0.000000] ACPI: FACS 0x00000000DFFF0200 000040
[    0.000000] ACPI: FACS 0x00000000DFFF0200 000040
[    0.000000] ACPI: APIC 0x00000000DFFF0240 00005C (v02 VBOX   VBOXAPIC 00000001 ASL  00000061)
[    0.000000] ACPI: SSDT 0x00000000DFFF02A0 00036C (v01 VBOX   VBOXCPUT 00000002 INTL 20230628)
[    0.000000] ACPI: Reserving FACP table memory at [mem 0xdfff00f0-0xdfff01e3]
[    0.000000] ACPI: Reserving DSDT table memory at [mem 0xdfff0610-0xdfff2962]
[    0.000000] ACPI: Reserving FACS table memory at [mem 0xdfff0200-0xdfff023f]
[    0.000000] ACPI: Reserving FACS table memory at [mem 0xdfff0200-0xdfff023f]
[    0.000000] ACPI: Reserving APIC table memory at [mem 0xdfff0240-0xdfff029b]
[    0.000000] ACPI: Reserving SSDT table memory at [mem 0xdfff02a0-0xdfff060b]
[    0.000000] No NUMA configuration found
[    0.000000] Faking a node at [mem 0x0000000000000000-0x000000011fffffff]
[    0.000000] NODE_DATA(0) allocated [mem 0x11ffd1000-0x11fffbfff]
[    0.000000] kvm-clock: cpu 0, msr 1:1ff50001, primary cpu clock
[    0.000000] kvm-clock: Using msrs 4b564d01 and 4b564d00
[    0.000000] kvm-clock: using sched offset of 4562494779 cycles
[    0.000000] clocksource: kvm-clock: mask: 0xffffffffffffffff max_cycles: 0x1cd42e4dffb, max_idle_ns: 881590591483 ns
[    0.000000] Zone ranges:
[    0.000000]   DMA      [mem 0x0000000000001000-0x0000000000ffffff]
[    0.000000]   DMA32    [mem 0x0000000001000000-0x00000000ffffffff]
[    0.000000]   Normal   [mem 0x0000000100000000-0x000000011fffffff]
[    0.000000]   Device   empty
[    0.000000] Movable zone start for each node
[    0.000000] Early memory node ranges
[    0.000000]   node   0: [mem 0x0000000000001000-0x000000000009efff]
[    0.000000]   node   0: [mem 0x0000000000100000-0x00000000dffeffff]
[    0.000000]   node   0: [mem 0x0000000100000000-0x000000011fffffff]
[    0.000000] Reserved but unavailable: 104 pages
[    0.000000] Initmem setup node 0 [mem 0x0000000000001000-0x000000011fffffff]
[    0.000000] ACPI: PM-Timer IO Port: 0x4008
[    0.000000] IOAPIC[0]: apic_id 2, version 32, address 0xfec00000, GSI 0-23
[    0.000000] ACPI: INT_SRC_OVR (bus 0 bus_irq 0 global_irq 2 dfl dfl)
[    0.000000] ACPI: INT_SRC_OVR (bus 0 bus_irq 9 global_irq 9 low level)
[    0.000000] Using ACPI (MADT) for SMP configuration information
[    0.000000] smpboot: Allowing 2 CPUs, 0 hotplug CPUs
[    0.000000] PM: Registered nosave memory: [mem 0x00000000-0x00000fff]
[    0.000000] PM: Registered nosave memory: [mem 0x0009f000-0x0009ffff]
[    0.000000] PM: Registered nosave memory: [mem 0x000a0000-0x000effff]
[    0.000000] PM: Registered nosave memory: [mem 0x000f0000-0x000fffff]
[    0.000000] PM: Registered nosave memory: [mem 0xdfff0000-0xdfffffff]
[    0.000000] PM: Registered nosave memory: [mem 0xe0000000-0xfebfffff]
[    0.000000] PM: Registered nosave memory: [mem 0xfec00000-0xfec00fff]
[    0.000000] PM: Registered nosave memory: [mem 0xfec01000-0xfedfffff]
[    0.000000] PM: Registered nosave memory: [mem 0xfee00000-0xfee00fff]
[    0.000000] PM: Registered nosave memory: [mem 0xfee01000-0xfffbffff]
[    0.000000] PM: Registered nosave memory: [mem 0xfffc0000-0xffffffff]
[    0.000000] e820: [mem 0xe0000000-0xfebfffff] available for PCI devices
[    0.000000] Booting paravirtualized kernel on KVM
[    0.000000] clocksource: refined-jiffies: mask: 0xffffffff max_cycles: 0xffffffff, max_idle_ns: 7645519600211568 ns
[    0.000000] setup_percpu: NR_CPUS:8192 nr_cpumask_bits:2 nr_cpu_ids:2 nr_node_ids:1
[    0.000000] percpu: Embedded 50 pages/cpu s167936 r8192 d28672 u1048576
[    0.000000] PV qspinlock hash table entries: 256 (order: 0, 4096 bytes)
[    0.000000] Built 1 zonelists, mobility grouping on.  Total pages: 1032057
[    0.000000] Policy zone: Normal
[    0.000000] Kernel command line: BOOT_IMAGE=/boot/vmlinuz-4.15.0-212-generic root=LABEL=cloudimg-rootfs ro console=tty1 console=ttyS0
[    0.000000] Memory: 4013252K/4193848K available (12300K kernel code, 2477K rwdata, 4324K rodata, 2480K init, 2720K bss, 180596K reserved, 0K cma-reserved)
[    0.000000] SLUB: HWalign=64, Order=0-3, MinObjects=0, CPUs=2, Nodes=1
[    0.000000] Kernel/User page tables isolation: enabled
[    0.000000] ftrace: allocating 39508 entries in 155 pages
[    0.004000] Hierarchical RCU implementation.
[    0.004000] 	RCU restricting CPUs from NR_CPUS=8192 to nr_cpu_ids=2.
[    0.004000] 	Tasks RCU enabled.
[    0.004000] RCU: Adjusting geometry for rcu_fanout_leaf=16, nr_cpu_ids=2
[    0.004000] NR_IRQS: 524544, nr_irqs: 440, preallocated irqs: 16
[    0.004000] random: crng init done
[    0.004000] Console: colour VGA+ 80x25
[    0.004000] console [tty1] enabled
[    0.004000] console [ttyS0] enabled
[    0.004000] ACPI: Core revision 20170831
[    0.004000] ACPI: 2 ACPI AML tables successfully acquired and loaded
[    0.004000] APIC: Switch to symmetric I/O mode setup
[    0.004000] x2apic enabled
[    0.004000] Switched APIC routing to physical x2apic.
[    0.004000] ..TIMER: vector=0x30 apic1=0 pin1=2 apic2=-1 pin2=-1
[    0.004000] tsc: Detected 2496.004 MHz processor
[    0.004000] Calibrating delay loop (skipped) preset value.. 4992.00 BogoMIPS (lpj=9984016)
[    0.004000] pid_max: default: 32768 minimum: 301
[    0.004000] Security Framework initialized
[    0.004000] Yama: becoming mindful.
[    0.004000] AppArmor: AppArmor initialized
[    0.004000] Dentry cache hash table entries: 524288 (order: 10, 4194304 bytes)
[    0.004000] Inode-cache hash table entries: 262144 (order: 9, 2097152 bytes)
[    0.004000] Mount-cache hash table entries: 8192 (order: 4, 65536 bytes)
[    0.004000] Mountpoint-cache hash table entries: 8192 (order: 4, 65536 bytes)
[    0.004357] Last level iTLB entries: 4KB 64, 2MB 8, 4MB 8
[    0.005667] Last level dTLB entries: 4KB 64, 2MB 0, 4MB 0, 1GB 4
[    0.008006] Spectre V1 : Mitigation: usercopy/swapgs barriers and __user pointer sanitization
[    0.012003] Spectre V2 : Mitigation: Retpolines
[    0.013149] Spectre V2 : Spectre v2 / SpectreRSB mitigation: Filling RSB on context switch
[    0.016003] Spectre V2 : Spectre v2 / SpectreRSB : Filling RSB on VMEXIT
[    0.017646] RETBleed: WARNING: Spectre v2 mitigation leaves CPU vulnerable to RETBleed attacks, data leaks possible!
[    0.020003] RETBleed: Vulnerable
[    0.020952] Speculative Store Bypass: Vulnerable
[    0.022305] MDS: Mitigation: Clear CPU buffers
[    0.024002] MMIO Stale Data: Mitigation: Clear CPU buffers
[    0.025370] SRBDS: Unknown: Dependent on hypervisor status
[    0.028284] Freeing SMP alternatives memory: 36K
[    0.146389] smpboot: CPU0: Intel(R) Core(TM) i5-6300U CPU @ 2.40GHz (family: 0x6, model: 0x4e, stepping: 0x3)
[    0.148000] Performance Events: unsupported p6 CPU model 78 no PMU driver, software events only.
[    0.148089] Hierarchical SRCU implementation.
[    0.149972] NMI watchdog: Perf event create on CPU 0 failed with -2
[    0.152005] NMI watchdog: Perf NMI watchdog permanently disabled
[    0.153552] smp: Bringing up secondary CPUs ...
[    0.156108] x86: Booting SMP configuration:
[    0.157352] .... node  #0, CPUs:      #1
[    0.004000] kvm-clock: cpu 1, msr 1:1ff50041, secondary cpu clock
[    0.162519] smp: Brought up 1 node, 2 CPUs
[    0.164007] smpboot: Max logical packages: 1
[    0.165296] smpboot: Total of 2 processors activated (9984.01 BogoMIPS)
[    0.168203] devtmpfs: initialized
[    0.169165] x86/mm: Memory block size: 128MB
[    0.170848] evm: security.selinux
[    0.172007] evm: security.SMACK64
[    0.173039] evm: security.SMACK64EXEC
[    0.174318] evm: security.SMACK64TRANSMUTE
[    0.175545] evm: security.SMACK64MMAP
[    0.176004] evm: security.apparmor
[    0.177043] evm: security.ima
[    0.178015] evm: security.capability
[    0.180145] clocksource: jiffies: mask: 0xffffffff max_cycles: 0xffffffff, max_idle_ns: 7645041785100000 ns
[    0.182614] futex hash table entries: 512 (order: 3, 32768 bytes)
[    0.184096] pinctrl core: initialized pinctrl subsystem
[    0.185705] RTC time: 11:19:49, date: 07/19/25
[    0.188228] NET: Registered protocol family 16
[    0.189707] audit: initializing netlink subsys (disabled)
[    0.191363] audit: type=2000 audit(1752923995.420:1): state=initialized audit_enabled=0 res=1
[    0.192013] cpuidle: using governor ladder
[    0.193260] cpuidle: using governor menu
[    0.196070] ACPI: bus type PCI registered
[    0.197239] acpiphp: ACPI Hot Plug PCI Controller Driver version: 0.5
[    0.199216] PCI: Using configuration type 1 for base access
[    0.201443] HugeTLB registered 2.00 MiB page size, pre-allocated 0 pages
[    0.204091] ACPI: Added _OSI(Module Device)
[    0.205342] ACPI: Added _OSI(Processor Device)
[    0.208021] ACPI: Added _OSI(3.0 _SCP Extensions)
[    0.209361] ACPI: Added _OSI(Processor Aggregator Device)
[    0.210787] ACPI: Added _OSI(Linux-Dell-Video)
[    0.212004] ACPI: Added _OSI(Linux-Lenovo-NV-HDMI-Audio)
[    0.213424] ACPI: Added _OSI(Linux-HPI-Hybrid-Graphics)
[    0.215305] ACPI: Executed 1 blocks of module-level executable AML code
[    0.222958] ACPI: Interpreter enabled
[    0.224021] ACPI: (supports S0 S5)
[    0.226795] ACPI: Using IOAPIC for interrupt routing
[    0.228366] PCI: Using host bridge windows from ACPI; if necessary, use "pci=nocrs" and report a bug
[    0.231116] ACPI: Enabled 2 GPEs in block 00 to 07
[    0.241314] ACPI: PCI Root Bridge [PCI0] (domain 0000 [bus 00-ff])
[    0.243063] acpi PNP0A03:00: _OSC: OS supports [ASPM ClockPM Segments MSI]
[    0.244705] acpi PNP0A03:00: _OSC: not requesting OS control; OS requires [ExtendedConfig ASPM ClockPM MSI]
[    0.248029] acpi PNP0A03:00: fail to add MMCONFIG information, can't access extended PCI configuration space under this bridge.
[    0.252480] PCI host bridge to bus 0000:00
[    0.253565] pci_bus 0000:00: root bus resource [io  0x0000-0x0cf7 window]
[    0.255282] pci_bus 0000:00: root bus resource [io  0x0d00-0xffff window]
[    0.256005] pci_bus 0000:00: root bus resource [mem 0x000a0000-0x000bffff window]
[    0.258404] pci_bus 0000:00: root bus resource [mem 0xe0000000-0xfdffffff window]
[    0.260005] pci_bus 0000:00: root bus resource [bus 00-ff]
[    0.265595] pci 0000:00:01.1: legacy IDE quirk: reg 0x10: [io  0x01f0-0x01f7]
[    0.267615] pci 0000:00:01.1: legacy IDE quirk: reg 0x14: [io  0x03f6]
[    0.268004] pci 0000:00:01.1: legacy IDE quirk: reg 0x18: [io  0x0170-0x0177]
[    0.270053] pci 0000:00:01.1: legacy IDE quirk: reg 0x1c: [io  0x0376]
[    0.341903] pci 0000:00:07.0: quirk: [io  0x4000-0x403f] claimed by PIIX4 ACPI
[    0.344018] pci 0000:00:07.0: quirk: [io  0x4100-0x410f] claimed by PIIX4 SMB
[    0.394302] ACPI: PCI Interrupt Link [LNKA] (IRQs 5 9 10 *11)
[    0.396412] ACPI: PCI Interrupt Link [LNKB] (IRQs 5 9 *10 11)
[    0.398685] ACPI: PCI Interrupt Link [LNKC] (IRQs 5 *9 10 11)
[    0.400159] ACPI: PCI Interrupt Link [LNKD] (IRQs 5 9 10 *11)
[    0.402032] SCSI subsystem initialized
[    0.404053] pci 0000:00:02.0: vgaarb: setting as boot VGA device
[    0.405564] pci 0000:00:02.0: vgaarb: VGA device added: decodes=io+mem,owns=io+mem,locks=none
[    0.408012] pci 0000:00:02.0: vgaarb: bridge control possible
[    0.409520] vgaarb: loaded
[    0.410412] ACPI: bus type USB registered
[    0.412032] usbcore: registered new interface driver usbfs
[    0.413447] usbcore: registered new interface driver hub
[    0.414799] usbcore: registered new device driver usb
[    0.416063] EDAC MC: Ver: 3.0.0
[    0.417196] PCI: Using ACPI for IRQ routing
[    0.417441] NetLabel: Initializing
[    0.420003] NetLabel:  domain hash size = 128
[    0.421190] NetLabel:  protocols = UNLABELED CIPSOv4 CALIPSO
[    0.423247] NetLabel:  unlabeled traffic allowed by default
[    0.424160] clocksource: Switched to clocksource kvm-clock
[    0.438584] VFS: Disk quotas dquot_6.6.0
[    0.439719] VFS: Dquot-cache hash table entries: 512 (order 0, 4096 bytes)
[    0.440500] AppArmor: AppArmor Filesystem Enabled
[    0.440500] pnp: PnP ACPI init
[    0.440500] pnp: PnP ACPI: found 3 devices
[    0.455807] clocksource: acpi_pm: mask: 0xffffff max_cycles: 0xffffff, max_idle_ns: 2085701024 ns
[    0.456301] NET: Registered protocol family 2
[    0.456301] IP idents hash table entries: 65536 (order: 7, 524288 bytes)
[    0.461618] TCP established hash table entries: 32768 (order: 6, 262144 bytes)
[    0.464100] TCP bind hash table entries: 32768 (order: 7, 524288 bytes)
[    0.466355] TCP: Hash tables configured (established 32768 bind 32768)
[    0.468072] UDP hash table entries: 2048 (order: 4, 65536 bytes)
[    0.468072] UDP-Lite hash table entries: 2048 (order: 4, 65536 bytes)
[    0.468072] NET: Registered protocol family 1
[    0.468072] pci 0000:00:00.0: Limiting direct PCI/PCI transfers
[    0.468072] pci 0000:00:01.0: Activating ISA DMA hang workarounds
[    0.468072] pci 0000:00:02.0: Video device with shadowed ROM at [mem 0x000c0000-0x000dffff]
[    0.468072] Unpacking initramfs...
[    0.796764] Freeing initrd memory: 19528K
[    0.798116] PCI-DMA: Using software bounce buffering for IO (SWIOTLB)
[    0.800050] software IO TLB: mapped [mem 0xdbff0000-0xdfff0000] (64MB)
[    0.801903] clocksource: tsc: mask: 0xffffffffffffffff max_cycles: 0x23fa7af7c80, max_idle_ns: 440795241955 ns
[    0.804615] platform rtc_cmos: registered platform RTC device (no PNP device found)
[    0.806764] Scanning for low memory corruption every 60 seconds
[    0.809461] Initialise system trusted keyrings
[    0.810758] Key type blacklist registered
[    0.811993] workingset: timestamp_bits=36 max_order=20 bucket_order=0
[    0.815868] zbud: loaded
[    0.817551] squashfs: version 4.0 (2009/01/31) Phillip Lougher
[    0.819400] fuse init (API version 7.26)
[    0.822445] Key type asymmetric registered
[    0.823600] Asymmetric key parser 'x509' registered
[    0.825126] Block layer SCSI generic (bsg) driver version 0.4 loaded (major 246)
[    0.827454] io scheduler noop registered
[    0.828682] io scheduler deadline registered
[    0.829899] io scheduler cfq registered (default)
[    0.831783] ACPI: AC Adapter [AC] (on-line)
[    0.833266] input: Power Button as /devices/LNXSYSTM:00/LNXPWRBN:00/input/input0
[    0.835461] ACPI: Power Button [PWRF]
[    0.836830] input: Sleep Button as /devices/LNXSYSTM:00/LNXSLPBN:00/input/input1
[    0.838994] ACPI: Sleep Button [SLPF]
[    0.841667] ACPI: Battery Slot [BAT0] (battery present)
[    0.843433] Serial: 8250/16550 driver, 32 ports, IRQ sharing enabled
[    0.865995] 00:02: ttyS0 at I/O 0x3f8 (irq = 4, base_baud = 115200) is a 16550A
[    0.871081] Linux agpgart interface v0.103
[    0.875444] loop: module loaded
[    0.877426] scsi host0: ata_piix
[    0.878647] scsi host1: ata_piix
[    0.879694] ata1: PATA max UDMA/33 cmd 0x1f0 ctl 0x3f6 bmdma 0xd000 irq 14
[    0.881971] ata2: PATA max UDMA/33 cmd 0x170 ctl 0x376 bmdma 0xd008 irq 15
[    0.884003] tun: Universal TUN/TAP device driver, 1.6
[    0.885631] PPP generic driver version 2.4.2
[    0.887254] ehci_hcd: USB 2.0 'Enhanced' Host Controller (EHCI) Driver
[    0.889231] ehci-pci: EHCI PCI platform driver
[    0.890654] ehci-platform: EHCI generic platform driver
[    0.892261] ohci_hcd: USB 1.1 'Open' Host Controller (OHCI) Driver
[    0.894036] ohci-pci: OHCI PCI platform driver
[    0.895392] ohci-platform: OHCI generic platform driver
[    0.897017] uhci_hcd: USB Universal Host Controller Interface driver
[    0.898693] i8042: PNP: PS/2 Controller [PNP0303:PS2K,PNP0f03:PS2M] at 0x60,0x64 irq 1,12
[    0.901650] serio: i8042 KBD port at 0x60,0x64 irq 1
[    0.903148] serio: i8042 AUX port at 0x60,0x64 irq 12
[    0.905146] mousedev: PS/2 mouse device common for all mice
[    0.907387] input: AT Translated Set 2 keyboard as /devices/platform/i8042/serio0/input/input2
[    0.910167] rtc_cmos rtc_cmos: rtc core: registered rtc_cmos as rtc0
[    0.912058] rtc_cmos rtc_cmos: alarms up to one day, 114 bytes nvram
[    0.913623] i2c /dev entries driver
[    0.914624] device-mapper: uevent: version 1.0.3
[    0.915920] device-mapper: ioctl: 4.37.0-ioctl (2017-09-20) initialised: dm-devel@redhat.com
[    0.918328] ledtrig-cpu: registered to indicate activity on CPUs
[    0.920584] NET: Registered protocol family 10
[    0.927246] Segment Routing with IPv6
[    0.928651] NET: Registered protocol family 17
[    0.930347] Key type dns_resolver registered
[    0.932121] mce: Using 0 MCE banks
[    0.933650] RAS: Correctable Errors collector initialized.
[    0.935278] sched_clock: Marking stable (932060351, 0)->(1324572767, -392512416)
[    0.939137] registered taskstats version 1
[    0.940536] Loading compiled-in X.509 certificates
[    0.946311] Loaded X.509 cert 'Build time autogenerated kernel key: b5b26778eaa3ab3a4a6cee031137706e947d12ad'
[    0.949676] Loaded X.509 cert 'Canonical Ltd. Live Patch Signing: 14df34d1a87cf37625abec039ef2bf521249b969'
[    0.953112] Loaded X.509 cert 'Canonical Ltd. Kernel Module Signing: 88f752e560a1e0737e31163a466ad7b70a850c19'
[    0.957333] blacklist: Loading compiled-in revocation X.509 certificates
[    0.960212] Loaded X.509 cert 'Canonical Ltd. Secure Boot Signing: 61482aa2830d0ab2ad5af10b7250da9033ddcef0'
[    0.964369] Loaded X.509 cert 'Canonical Ltd. Secure Boot Signing (2017): 242ade75ac4a15e50d50c84b0d45ff3eae707a03'
[    0.968784] Loaded X.509 cert 'Canonical Ltd. Secure Boot Signing (ESM 2018): 365188c1d374d6b07c3c8f240f8ef722433d6a8b'
[    0.971934] Loaded X.509 cert 'Canonical Ltd. Secure Boot Signing (2019): c0746fd6c5da3ae827864651ad66ae47fe24b3e8'
[    0.976352] Loaded X.509 cert 'Canonical Ltd. Secure Boot Signing (2021 v1): a8d54bbb3825cfb94fa13c9f8a594a195c107b8d'
[    0.980818] Loaded X.509 cert 'Canonical Ltd. Secure Boot Signing (2021 v2): 4cf046892d6fd3c9a5b03f98d845f90851dc6a8c'
[    0.984787] Loaded X.509 cert 'Canonical Ltd. Secure Boot Signing (2021 v3): 100437bb6de6e469b581e61cd66bce3ef4ed53af'
[    0.987917] Loaded X.509 cert 'Canonical Ltd. Secure Boot Signing (Ubuntu Core 2019): c1d57b8f6b743f23ee41f4f7ee292f06eecadfb9'
[    0.990962] zswap: loaded using pool lzo/zbud
[    0.999602] Key type big_key registered
[    1.001598] Key type trusted registered
[    1.006738] Key type encrypted registered
[    1.008116] AppArmor: AppArmor sha1 policy hashing enabled
[    1.009745] ima: No TPM chip found, activating TPM-bypass! (rc=-19)
[    1.011652] ima: Allocated hash algorithm: sha1
[    1.012912] evm: HMAC attrs: 0x1
[    1.014232]   Magic number: 1:870:327
[    1.015489] rtc_cmos rtc_cmos: setting system clock to 2025-07-19 11:19:49 UTC (1752923989)
[    1.018207] BIOS EDD facility v0.16 2004-Jun-25, 0 devices found
[    1.019782] EDD information not available.
[    1.068749] Freeing unused kernel image memory: 2480K
[    1.156129] Write protecting the kernel read-only data: 20480k
[    1.167994] Freeing unused kernel image memory: 2008K
[    1.174945] Freeing unused kernel image memory: 1820K
[    1.228268] x86/mm: Checked W+X mappings: passed, no W+X pages found.
[    1.234665] x86/mm: Checking user space page tables
[    1.268104] x86/mm: Checked W+X mappings: passed, no W+X pages found.
Loading, please wait...
starting version 237
[    1.393870] e1000: Intel(R) PRO/1000 Network Driver - version 7.3.21-k8-NAPI
[    1.396049] e1000: Copyright (c) 1999-2006 Intel Corporation.
[    1.398118] Fusion MPT base driver 3.04.20
[    1.399394] Copyright (c) 1999-2008 LSI Corporation
[    1.414489] Fusion MPT SPI Host driver 3.04.20
[    1.415978] AVX2 version of gcm_enc/dec engaged.
[    1.417375] AES CTR mode by8 optimization enabled
[    1.605558] input: ImExPS/2 Generic Explorer Mouse as /devices/platform/i8042/serio1/input/input4
[    1.818119] e1000 0000:00:03.0 eth0: (PCI:33MHz:32-bit) 02:3b:7b:b7:3b:2d
[    1.819889] e1000 0000:00:03.0 eth0: Intel(R) PRO/1000 Network Connection
[    1.823159] mptbase: ioc0: Initiating bringup
[    1.941271] ioc0: LSI53C1030 A0: Capabilities={Initiator}
[    2.186833] scsi host2: ioc0: LSI53C1030 A0, FwRev=00000000h, Ports=1, MaxQ=256, IRQ=20
[    2.357555] scsi 2:0:0:0: Direct-Access     VBOX     HARDDISK         1.0  PQ: 0 ANSI: 5
[    2.392203] scsi target2:0:0: Beginning Domain Validation
[    2.403780] scsi target2:0:0: Domain Validation skipping write tests
[    2.410794] scsi target2:0:0: Ending Domain Validation
[    2.417004] scsi target2:0:0: asynchronous
[    2.422116] scsi 2:0:1:0: Direct-Access     VBOX     HARDDISK         1.0  PQ: 0 ANSI: 5
[    2.736118] scsi target2:0:1: Beginning Domain Validation
[    2.740166] scsi target2:0:1: Domain Validation skipping write tests
[    2.742438] scsi target2:0:1: Ending Domain Validation
[    2.744113] scsi target2:0:1: asynchronous
[    2.751282] sd 2:0:0:0: Attached scsi generic sg0 type 0
[    2.751483] sd 2:0:0:0: [sda] 83886080 512-byte logical blocks: (42.9 GB/40.0 GiB)
[    2.755390] sd 2:0:0:0: [sda] Write Protect is off
[    2.756865] sd 2:0:1:0: Attached scsi generic sg1 type 0
[    2.757793] sd 2:0:0:0: [sda] Incomplete mode parameter data
[    2.760104] sd 2:0:0:0: [sda] Assuming drive cache: write through
[    2.761951] sd 2:0:1:0: [sdb] 20480 512-byte logical blocks: (10.5 MB/10.0 MiB)
[    2.764566] sd 2:0:1:0: [sdb] Write Protect is off
[    2.766385] sd 2:0:1:0: [sdb] Incomplete mode parameter data
[    2.768207] sd 2:0:1:0: [sdb] Assuming drive cache: write through
[    2.778831] e1000 0000:00:08.0 eth1: (PCI:33MHz:32-bit) 08:00:27:ff:dc:e7
[    2.781164] e1000 0000:00:08.0 eth1: Intel(R) PRO/1000 Network Connection
[    2.812047]  sda: sda1
[    2.814952] sd 2:0:0:0: [sda] Attached SCSI disk
[    2.845692] sd 2:0:1:0: [sdb] Attached SCSI disk
[    2.855124] e1000 0000:00:03.0 enp0s3: renamed from eth0
[    2.880277] e1000 0000:00:08.0 enp0s8: renamed from eth1
Begin: Loading essential drivers ... [    4.680018] raid6: sse2x1   gen()  9526 MB/s
[    4.728010] raid6: sse2x1   xor()  6902 MB/s
[    4.776014] raid6: sse2x2   gen() 11634 MB/s
[    4.824046] raid6: sse2x2   xor()  8050 MB/s
[    4.872029] raid6: sse2x4   gen() 13548 MB/s
[    4.920011] raid6: sse2x4   xor()  8297 MB/s
[    4.968026] raid6: avx2x1   gen() 18900 MB/s
[    5.016012] raid6: avx2x1   xor() 13593 MB/s
[    5.064036] raid6: avx2x2   gen() 22159 MB/s
[    5.112039] raid6: avx2x2   xor() 14542 MB/s
[    5.160021] raid6: avx2x4   gen() 26370 MB/s
[    5.208026] raid6: avx2x4   xor() 16162 MB/s
[    5.209340] raid6: using algorithm avx2x4 gen() 26370 MB/s
[    5.210911] raid6: .... xor() 16162 MB/s, rmw enabled
[    5.212357] raid6: using avx2x2 recovery algorithm
[    5.215485] xor: automatically using best checksumming function   avx       
[    5.219000] async_tx: api initialized (async)
done.
Begin: Running /scripts/init-premount ... done.
Begin: Mounting root file system ... Begin: Running /scripts/local-top ... done.
Begin: Running /scripts/local-premount ... [    5.277028] Btrfs loaded, crc32c=crc32c-intel
Scanning for Btrfs filesystems
done.
Warning: fsck not present, so skipping root file system
[    5.374614] EXT4-fs (sda1): mounted filesystem with ordered data mode. Opts: (null)
done.
Begin: Running /scripts/local-bottom ... done.
Begin: Running /scripts/init-bottom ... done.
[    7.528551] ip_tables: (C) 2000-2006 Netfilter Core Team
[    7.962233] systemd[1]: systemd 237 running in system mode. (+PAM +AUDIT +SELINUX +IMA +APPARMOR +SMACK +SYSVINIT +UTMP +LIBCRYPTSETUP +GCRYPT +GNUTLS +ACL +XZ +LZ4 +SECCOMP +BLKID +ELFUTILS +KMOD -IDN2 +IDN -PCRE2 default-hierarchy=hybrid)
[    7.987236] systemd[1]: Detected virtualization oracle.
[    7.991898] systemd[1]: Detected architecture x86-64.

Welcome to [1mUbuntu 18.04.6 LTS[0m!

[    8.137832] systemd[1]: Set hostname to <ubuntu>.
[    8.239529] systemd[1]: Initializing machine ID from random generator.
[    8.245604] systemd[1]: Installed transient /etc/machine-id file.
[   11.444324] systemd[1]: Reached target User and Group Name Lookups.
[[0;32m  OK  [0m] Reached target User and Group Name Lookups.
[   11.452846] systemd[1]: Reached target Swap.
[[0;32m  OK  [0m] Reached target Swap.
[   11.460771] systemd[1]: Created slice System Slice.
[[0;32m  OK  [0m] Created slice System Slice.
[   11.464243] systemd[1]: Listening on udev Kernel Socket.
[[0;32m  OK  [0m] Listening on udev Kernel Socket.
[[0;32m  OK  [0m] Listening on Syslog Socket.
[[0;32m  OK  [0m] Listening on LVM2 poll daemon socket.
[[0;32m  OK  [0m] Listening on LVM2 metadata daemon socket.
[[0;32m  OK  [0m] Listening on Journal Audit Socket.
[[0;32m  OK  [0m] Listening on Journal Socket.
         Starting Create list of required st…ce nodes for the current kernel...
         Mounting Huge Pages File System...
         Mounting Kernel Debug File System...
[[0;32m  OK  [0m] Listening on fsck to fsckd communication Socket.
[[0;32m  OK  [0m] Listening on /dev/initctl Compatibility Named Pipe.
[[0;32m  OK  [0m] Created slice User and Session Slice.
[[0;32m  OK  [0m] Reached target System Time Synchronized.
[[0;32m  OK  [0m] Started Forward Password Requests to Wall Directory Watch.
[[0;32m  OK  [0m] Reached target Mounting snaps.
[[0;32m  OK  [0m] Reached target Mounted snaps.
         Starting Uncomplicated firewall...
[[0;32m  OK  [0m] Reached target Slices.
         Mounting POSIX Message Queue File System...
[[0;32m  OK  [0m] Listening on Journal Socket (/dev/log).
         Starting Journal Service...
         Starting File System Check on Root Device...
[[0;32m  OK  [0m] Set up automount Arbitrary Executab…rmats File System Automount Point.
[[0;32m  OK  [0m] Listening on Network Service Netlink Socket.
[[0;32m  OK  [0m] Listening on udev Control Socket.
         Starting udev Coldplug all Devices...
         Starting Set the console keyboard layout...
[[0;32m  OK  [0m] Created slice system-serial\x2dgetty.slice.
         Starting Load Kernel Modules...
[[0;32m  OK  [0m] Listening on Device-mapper event daemon FIFOs.
         Starting Monitoring of LVM2 mirrors…ng dmeventd or progress polling...
[[0;32m  OK  [0m] Started Journal Service.
[[0;32m  OK  [0m] Started Create list of required sta…vice nodes for the current kernel.
[[0;32m  OK  [0m] Mounted Huge Pages File System.
[[0;32m  OK  [0m] Mounted Kernel Debug File System.
[[0;32m  OK  [0m] Started Uncomplicated firewall.
[[0;32m  OK  [0m] Mounted POSIX Message Queue File System.
[[0;32m  OK  [0m] Started File System Check Daemon to report status.
         Starting Create Static Device Nodes in /dev...
[[0;32m  OK  [0m] Started udev Coldplug all Devices.
[[0;32m  OK  [0m] Started File System Check on Root Device.
         Starting Remount Root and Kernel File Systems...
[   11.976330] Loading iSCSI transport class v2.0-870.
[   11.997684] iscsi: registered transport (tcp)
[[0;32m  OK  [0m] Started LVM2 metadata daemon.
[[0;32m  OK  [0m] Started Create Static Device Nodes in /dev.
[   12.247710] EXT4-fs (sda1): re-mounted. Opts: (null)
[[0;32m  OK  [0m] Started Remount Root and Kernel File Systems.
         Starting Flush Journal to Persistent Storage...
[   12.341774] iscsi: registered transport (iser)
         Starting udev Kernel Device Manager...
         Starting Load/Save Random Seed...
[[0;32m  OK  [0m] Started Load Kernel Modules.
[[0;32m  OK  [0m] Started Monitoring of LVM2 mirrors,…sing dmeventd or progress polling.
         Starting Apply Kernel Variables...
         Mounting Kernel Configuration File System...
         Mounting FUSE Control File System...
[[0;32m  OK  [0m] Mounted Kernel Configuration File System.
[   12.553465] systemd-journald[403]: Received request to flush runtime journal from PID 1
[[0;32m  OK  [0m] Mounted FUSE Control File System.
[[0;32m  OK  [0m] Started Load/Save Random Seed.
[[0;32m  OK  [0m] Started udev Kernel Device Manager.
[[0;32m  OK  [0m] Started Apply Kernel Variables.
[[0;32m  OK  [0m] Started Flush Journal to Persistent Storage.
[[0;32m  OK  [0m] Found device /dev/ttyS0.
[[0;32m  OK  [0m] Listening on Load/Save RF Kill Switch Status /dev/rfkill Watch.
         Mounting Arbitrary Executable File Formats File System...
[[0;32m  OK  [0m] Mounted Arbitrary Executable File Formats File System.
[[0;32m  OK  [0m] Started Set the console keyboard layout.
[[0;32m  OK  [0m] Reached target Local File Systems (Pre).
[[0;32m  OK  [0m] Reached target Local File Systems.
         Starting Tell Plymouth To Write Out Runtime Data...
         Starting Set console font and keymap...
         Starting Commit a transient machine-id on disk...
         Starting Create Volatile Files and Directories...
         Starting ebtables ruleset management...
         Starting AppArmor initialization...
[[0;32m  OK  [0m] Started Dispatch Password Requests to Console Directory Watch.
[[0;32m  OK  [0m] Reached target Local Encrypted Volumes.
[[0;32m  OK  [0m] Started Tell Plymouth To Write Out Runtime Data.
[[0;32m  OK  [0m] Started Create Volatile Files and Directories.
         Starting Update UTMP about System Boot/Shutdown...
[[0;32m  OK  [0m] Started Commit a transient machine-id on disk.
[[0;32m  OK  [0m] Started Update UTMP about System Boot/Shutdown.
[[0;32m  OK  [0m] Started ebtables ruleset management.
[[0;32m  OK  [0m] Started Set console font and keymap.
[[0;32m  OK  [0m] Started AppArmor initialization.
         Starting Load AppArmor profiles managed internally by snapd...
         Starting Initial cloud-init job (pre-networking)...
[[0;32m  OK  [0m] Started Load AppArmor profiles managed internally by snapd.
[   24.247652] cloud-init[881]: Cloud-init v. 23.1.2-0ubuntu0~18.04.1 running 'init-local' at Sat, 19 Jul 2025 11:20:11 +0000. Up 23.46 seconds.
[[0;32m  OK  [0m] Started Initial cloud-init job (pre-networking).
[[0;32m  OK  [0m] Reached target Network (Pre).
         Starting Network Service...
[[0;32m  OK  [0m] Started Network Service.
         Starting Network Name Resolution...
         Starting Wait for Network to be Configured...
[[0;32m  OK  [0m] Started Network Name Resolution.
[[0;32m  OK  [0m] Reached target Network.
[[0;32m  OK  [0m] Reached target Host and Network Name Lookups.
[[0;32m  OK  [0m] Started Wait for Network to be Configured.
         Starting Initial cloud-init job (metadata service crawler)...
[   27.710623] cloud-init[1017]: Cloud-init v. 23.1.2-0ubuntu0~18.04.1 running 'init' at Sat, 19 Jul 2025 11:20:15 +0000. Up 27.34 seconds.
[   27.715426] cloud-init[1017]: ci-info: ++++++++++++++++++++++++++++++++++++++Net device info+++++++++++++++++++++++++++++++++++++++
[   27.717703] cloud-init[1017]: ci-info: +--------+-------+----------------------------+---------------+--------+-------------------+
[   27.719762] cloud-init[1017]: ci-info: | Device |   Up  |          Address           |      Mask     | Scope  |     Hw-Address    |
[   27.721528] cloud-init[1017]: ci-info: +--------+-------+----------------------------+---------------+--------+-------------------+
[   27.723611] cloud-init[1017]: ci-info: | enp0s3 |  True |         10.0.2.15          | 255.255.255.0 | global | 02:3b:7b:b7:3b:2d |
[   27.725547] cloud-init[1017]: ci-info: | enp0s3 |  True | fe80::3b:7bff:feb7:3b2d/64 |       .       |  link  | 02:3b:7b:b7:3b:2d |
[   27.727064] cloud-init[1017]: ci-info: | enp0s8 | False |             .              |       .       |   .    | 08:00:27:ff:dc:e7 |
[   27.729211] cloud-init[1017]: ci-info: |   lo   |  True |         127.0.0.1          |   255.0.0.0   |  host  |         .         |
[   27.730698] cloud-init[1017]: ci-info: |   lo   |  True |          ::1/128           |       .       |  host  |         .         |
[   27.732299] cloud-init[1017]: ci-info: +--------+-------+----------------------------+---------------+--------+-------------------+
[   27.734185] cloud-init[1017]: ci-info: ++++++++++++++++++++++++++++Route IPv4 info+++++++++++++++++++++++++++++
[   27.735527] cloud-init[1017]: ci-info: +-------+-------------+----------+-----------------+-----------+-------+
[   27.736983] cloud-init[1017]: ci-info: | Route | Destination | Gateway  |     Genmask     | Interface | Flags |
[   27.738690] cloud-init[1017]: ci-info: +-------+-------------+----------+-----------------+-----------+-------+
[   27.740522] cloud-init[1017]: ci-info: |   0   |   0.0.0.0   | 10.0.2.2 |     0.0.0.0     |   enp0s3  |   UG  |
[   27.742338] cloud-init[1017]: ci-info: |   1   |   10.0.2.0  | 0.0.0.0  |  255.255.255.0  |   enp0s3  |   U   |
[   27.745021] cloud-init[1017]: ci-info: |   2   |   10.0.2.2  | 0.0.0.0  | 255.255.255.255 |   enp0s3  |   UH  |
[   27.747176] cloud-init[1017]: ci-info: +-------+-------------+----------+-----------------+-----------+-------+
[   27.748761] cloud-init[1017]: ci-info: +++++++++++++++++++Route IPv6 info+++++++++++++++++++
[   27.750735] cloud-init[1017]: ci-info: +-------+-------------+---------+-----------+-------+
[   27.752319] cloud-init[1017]: ci-info: | Route | Destination | Gateway | Interface | Flags |
[   27.754608] cloud-init[1017]: ci-info: +-------+-------------+---------+-----------+-------+
[   27.768308] cloud-init[1017]: ci-info: |   1   |  fe80::/64  |    ::   |   enp0s3  |   U   |
[   27.770815] cloud-init[1017]: ci-info: |   3   |    local    |    ::   |   enp0s3  |   U   |
[   27.773880] cloud-init[1017]: ci-info: |   4   |   ff00::/8  |    ::   |   enp0s3  |   U   |
[   27.776816] cloud-init[1017]: ci-info: +-------+-------------+---------+-----------+-------+
[   30.336851] cloud-init[1017]: Generating public/private rsa key pair.
[   30.340433] cloud-init[1017]: Your identification has been saved in /etc/ssh/ssh_host_rsa_key.
[   30.364320] cloud-init[1017]: Your public key has been saved in /etc/ssh/ssh_host_rsa_key.pub.
[   30.369938] cloud-init[1017]: The key fingerprint is:
[   30.384428] cloud-init[1017]: SHA256:2fQZ40iKhdl3koDjY915TO9Eey4WdSzBty8LjmNdxWY root@ubuntu-bionic
[   30.396520] cloud-init[1017]: The key's randomart image is:
[   30.397502] cloud-init[1017]: +---[RSA 2048]----+
[   30.398569] cloud-init[1017]: |       ..    ..o |
[   30.399749] cloud-init[1017]: |      o+ . .. + =|
[   30.402412] cloud-init[1017]: |     .ooo.*++o *o|
[   30.404788] cloud-init[1017]: |      +o.Bo*o+=.E|
[   30.408258] cloud-init[1017]: |     ...S o.+o B.|
[   30.410503] cloud-init[1017]: |            . * o|
[   30.412858] cloud-init[1017]: |           + + + |
[   30.424299] cloud-init[1017]: |          + o .  |
[   30.436344] cloud-init[1017]: |         . .     |
[   30.438069] cloud-init[1017]: +----[SHA256]-----+
[   30.439963] cloud-init[1017]: Generating public/private dsa key pair.
[[0;32m  OK  [0m] Started Initial cloud-init job (metadata service crawler).
[[0;32m  OK  [0m] Reached target System Initialization.
[[0;32m  OK  [0m] Listening on D-Bus System Message Bus Socket.
[   30.459454] cloud-init[1017]: Your identification has been saved in /etc/ssh/ssh_host_dsa_key.
[[0;32m  OK  [0m[   30.464332] cloud-init[1017]: Your public key has been saved in /etc/ssh/ssh_host_dsa_key.pub.
[   30.464884] cloud-init[1017]: The key fingerprint is:
[   30.465509] cloud-init[1017]: SHA256:i1pSm9mzEQ2NW3i5H9UTw7pExZmhy2I6YUmvzYSWEb8 root@ubuntu-bionic
] Started Daily Cleanup of Temporary Directories.
[   30.466210] cloud-init[1017]: The key's randomart image is:
[   30.469976] cloud-init[1017]: +---[DSA 1024]----+
[[0;32m  OK  [0m[   30.470855] cloud-init[1017]: |         .    +=+|
[   30.471384] cloud-init[1017]: |         +o. ..*o|
[   30.472031] cloud-init[1017]: |        +o=...o..|
[   30.472439] cloud-init[1017]: |        .**.o+. .|
[   30.473107] cloud-init[1017]: |      . SBoEoo.  |
[   30.473761] cloud-init[1017]: |     . *ooO..o   |
[   30.474605] cloud-init[1017]: |    . * =+ o.    |
] Listening on UUID daemon activation socket.
[   30.475075] cloud-init[1017]: |     +   +.      |
[   30.477558] cloud-init[1017]: |    .   .        |
[[   30.478978] cloud-init[1017]: +----[SHA256]-----+
[   30.479077] cloud-init[1017]: Generating public/private ecdsa key pair.
[   30.479576] cloud-init[1017]: Your identification has been saved in /etc/ssh/ssh_host_ecdsa_key.
[   30.480048] cloud-init[1017]: Your public key has been saved in /etc/ssh/ssh_host_ecdsa_key.pub.
[   30.480500] cloud-init[1017]: The key fingerprint is:
[   30.481106] cloud-init[1017]: SHA256:x9LGs3PWQGzppflNonx9g+3LWRAmIAspEEjGHxAdV7s root@ubuntu-bionic
[0;32m  OK  [0m] Started Discard unused blocks once a week.
[   30.481230] cloud-init[1017]: The key's randomart image is:
[[0;32m  OK  [0m] Listening on Open-iSCSI iscsid Socket.
[   30.496297] cloud-init[1017]: +---[ECDSA 256]---+
[   30.498027] cloud-init[1017]: |o**+..oo. .      |
[   30.499327] cloud-init[1017]: |o. oo ...o o .   |
[   30.500041] cloud-init[1017]: |  . .. ..   * +  |
[   30.500932] cloud-init[1017]: |   .    .+ + * . |
[   30.501816] cloud-init[1017]: |       ES B = o .|
[   30.502619] cloud-init[1017]: |         + + =o* |
[   30.512412] cloud-init[1017]: |          o =.+o=|
[   30.513263] cloud-init[1017]: |           + .o =|
[   30.514111] cloud-init[1017]: |               =.|
[   30.515024] cloud-init[1017]: +----[SHA256]-----+
[   30.515927] cloud-init[1017]: Generating public/private ed25519 key pair.
[   30.517305] cloud-init[1017]: Your identification has been saved in /etc/ssh/ssh_host_ed25519_key.
[   30.518624] cloud-init[1017]: Your public key has been saved in /etc/ssh/ssh_host_ed25519_key.pub.
[   30.518743] cloud-init[1017]: The key fingerprint is:
[   30.519388] cloud-init[1017]: SHA256:uH5I8zBuufKMD+FoUv+fM5RosHOmqdZbtYysj+s+igA root@ubuntu-bionic
[   30.520336] cloud-init[1017]: The key's randomart image is:
[   30.521014] cloud-init[1017]: +--[ED25519 256]--+
[   30.521776] cloud-init[1017]: |                 |
[   30.522329] cloud-init[1017]: |                 |
[[0;32m  OK  [0m] Started ACPI Events Check.
[[0;32m  OK  [0m[   30.522418] cloud-init[1017]: |                 |
[   30.527790] cloud-init[1017]: |    .  .         |
[   30.528322] cloud-init[1017]: |E . .o..S.       |
[   30.528507] cloud-init[1017]: |.. +ooX=o.       |
[   30.529131] cloud-init[1017]: |o o.+X=Oo        |
[   30.529547] cloud-init[1017]: |.+. *X= =.       |
] Reached target Paths.
[   30.532542] cloud-init[1017]: |..o=OXO+oo       |
[   30.545163] cloud-init[1017]: +----[SHA256]-----+
         Starting LXD - unix socket.
[[0;32m  OK  [0m] Listening on ACPID Listen Socket.
[[0;32m  OK  [0m] Listening on cloud-init hotplug hook socket.
[[0;32m  OK  [0m] Started Message of the Day.
[[0;32m  OK  [0m] Started Ubuntu Advantage Timer for running repeated jobs.
[[0;32m  OK  [0m] Started Daily apt download activities.
[[0;32m  OK  [0m] Started Daily apt upgrade and clean activities.
[[0;32m  OK  [0m] Reached target Timers.
         Starting Socket activation for snappy daemon.
[[0;32m  OK  [0m] Reached target Cloud-config availability.
[[0;32m  OK  [0m] Reached target Network is Online.
[[0;32m  OK  [0m] Reached target Remote File Systems (Pre).
[[0;32m  OK  [0m] Reached target Remote File Systems.
         Starting Availability of block devices...
[[0;32m  OK  [0m] Listening on LXD - unix socket.
[[0;32m  OK  [0m] Listening on Socket activation for snappy daemon.
[[0;32m  OK  [0m] Reached target Sockets.
[[0;32m  OK  [0m] Reached target Basic System.
         Starting Pollinate to seed the pseudo random number generator...
         Starting LSB: Record successful boot for GRUB...
         Starting System Logging Service...
         Starting LXD - container startup/shutdown...
[[0;32m  OK  [0m] Reached target Login Prompts (Pre).
         Starting Login Service...
[[0;32m  OK  [0m] Started FUSE filesystem for LXC.
         Starting Permit User Sessions...
[[0;32m  OK  [0m] Started Regular background program processing daemon.
         Starting Virtualbox guest utils...
[[0;32m  OK  [0m] Started Deferred execution scheduler.
         Starting Accounts Service...
[[0;32m  OK  [0m] Started D-Bus System Message Bus.
[[0;32m  OK  [0m] Started Login Service.
[[0;32m  OK  [0m] Started Unattended Upgrades Shutdown.
         Starting LSB: automatic crash report generation...
[[0;32m  OK  [0m] Started irqbalance daemon.
         Starting Dispatcher daemon for systemd-networkd...
         Starting Snap Daemon...
[[0;32m  OK  [0m] Started System Logging Service.
[[0;32m  OK  [0m] Started Availability of block devices.
[[0;32m  OK  [0m] Started Permit User Sessions.
         Starting Authorization Manager...
         Starting Terminate Plymouth Boot Screen...
         Starting Hold until boot process finishes up...
[[0;32m  OK  [0m] Started Hold until boot process finishes up.
[[0;32m  OK  [0m] Started Serial Getty on ttyS0.
         Starting Set console scheme...
[[0;32m  OK  [0m] Started Terminate Plymouth Boot Screen.
[[0;32m  OK  [0m] Started LSB: automatic crash report generation.
[[0;32m  OK  [0m] Started Set console scheme.
[[0;32m  OK  [0m] Created slice system-getty.slice.
[[0;32m  OK  [0m] Started Getty on tty1.
[[0;32m  OK  [0m] Reached target Login Prompts.
[[0;32m  OK  [0m] Started Authorization Manager.
[[0;32m  OK  [0m] Started LSB: Record successful boot for GRUB.
[[0;32m  OK  [0m] Started Accounts Service.
[[0;32m  OK  [0m] Started Virtualbox guest utils.

Ubuntu 18.04.6 LTS ubuntu-bionic ttyS0

ubuntu-bionic login: [   58.631234] cloud-init[1908]: Cloud-init v. 23.1.2-0ubuntu0~18.04.1 running 'modules:config' at Sat, 19 Jul 2025 11:20:44 +0000. Up 56.48 seconds.
ci-info: no authorized SSH keys fingerprints found for user ubuntu.
<14>Jul 19 11:20:48 cloud-init: #############################################################
<14>Jul 19 11:20:48 cloud-init: -----BEGIN SSH HOST KEY FINGERPRINTS-----
<14>Jul 19 11:20:48 cloud-init: 1024 SHA256:i1pSm9mzEQ2NW3i5H9UTw7pExZmhy2I6YUmvzYSWEb8 root@ubuntu-bionic (DSA)
<14>Jul 19 11:20:48 cloud-init: 256 SHA256:x9LGs3PWQGzppflNonx9g+3LWRAmIAspEEjGHxAdV7s root@ubuntu-bionic (ECDSA)
<14>Jul 19 11:20:48 cloud-init: 256 SHA256:uH5I8zBuufKMD+FoUv+fM5RosHOmqdZbtYysj+s+igA root@ubuntu-bionic (ED25519)
<14>Jul 19 11:20:48 cloud-init: 2048 SHA256:2fQZ40iKhdl3koDjY915TO9Eey4WdSzBty8LjmNdxWY root@ubuntu-bionic (RSA)
<14>Jul 19 11:20:48 cloud-init: -----END SSH HOST KEY FINGERPRINTS-----
<14>Jul 19 11:20:48 cloud-init: #############################################################
-----BEGIN SSH HOST KEY KEYS-----
ecdsa-sha2-nistp256 AAAAE2VjZHNhLXNoYTItbmlzdHAyNTYAAAAIbmlzdHAyNTYAAABBBDom59WWgo+NXMpyCgnJhMtwZI/WCukDvWqvYufcWvFZ7sRf32jj+vTj0dpBeGWI8gt6o1hRzRbgsKlvPdtudqg= root@ubuntu-bionic
ssh-ed25519 AAAAC3NzaC1lZDI1NTE5AAAAIFlGUPUMFGrdym9vzOWaq0Akf1qFk6QFh9clswz9an3D root@ubuntu-bionic
ssh-rsa AAAAB3NzaC1yc2EAAAADAQABAAABAQDKJsePcKaljKM7Ln6GC3CQ0+Y5RH7UV+Q/j9QqagLdAIEoahakUKNKsh+kSeIyV5i8zMIkeobg6WDnNXL+4d0vHRm+V2wCmsH2w130xOJQNQrxFwv2vXg0jIzqJUn59YhUKuT6JFH1g6eZ3fu6se1qflFXDupmeyYBZuGcBKw7RidSo/BDgSWay3yVG7W4JU+g1Cnp49R5MGTuOkGwKGIRMzz6oh7CBLIUQ/WX2jU6CpaN1YuinREuNPP6n1XmxWMn2KmGZrfpRYOXJJf6V6sljFqdVU6aJFG6ZeOtk8KOvay9uw4HMtNesuo/3MgyXM2HnAq0lszLlA3OF2Da9LnT root@ubuntu-bionic
-----END SSH HOST KEY KEYS-----
[   59.932007] cloud-init[2061]: Cloud-init v. 23.1.2-0ubuntu0~18.04.1 running 'modules:final' at Sat, 19 Jul 2025 11:20:47 +0000. Up 59.52 seconds.
[   59.932257] cloud-init[2061]: Cloud-init v. 23.1.2-0ubuntu0~18.04.1 finished at Sat, 19 Jul 2025 11:20:48 +0000. Datasource DataSourceNoCloud [seed=/dev/sdb][dsmode=net].  Up 59.91 seconds
